Performing C SOURCE FILE Test CMAKE_HAVE_LIBC_PTHREAD failed with the following output:
Change Dir: /home/ubuntu/CCF/build/CMakeFiles/CMakeTmp

Run Build Command(s):/usr/bin/ninja cmTC_ac9da && [1/2] Building C object CMakeFiles/cmTC_ac9da.dir/src.c.o
[2/2] Linking C executable cmTC_ac9da
FAILED: cmTC_ac9da 
: && /usr/bin/clang-8   CMakeFiles/cmTC_ac9da.dir/src.c.o -o cmTC_ac9da   && :
CMakeFiles/cmTC_ac9da.dir/src.c.o: In function `main':
src.c:(.text+0x25): undefined reference to `pthread_create'
src.c:(.text+0x31): undefined reference to `pthread_detach'
src.c:(.text+0x3d): undefined reference to `pthread_cancel'
src.c:(.text+0x4f): undefined reference to `pthread_join'
src.c:(.text+0x66): undefined reference to `pthread_atfork'
clang: error: linker command failed with exit code 1 (use -v to see invocation)
ninja: build stopped: subcommand failed.


Source file was:
#include <pthread.h>

static void* test_func(void* data)
{
  return data;
}

int main(void)
{
  pthread_t thread;
  pthread_create(&thread, NULL, test_func, NULL);
  pthread_detach(thread);
  pthread_cancel(thread);
  pthread_join(thread, NULL);
  pthread_atfork(NULL, NULL, NULL);
  pthread_exit(NULL);

  return 0;
}

Determining if the function pthread_create exists in the pthreads failed with the following output:
Change Dir: /home/ubuntu/CCF/build/CMakeFiles/CMakeTmp

Run Build Command(s):/usr/bin/ninja cmTC_a467b && [1/2] Building C object CMakeFiles/cmTC_a467b.dir/CheckFunctionExists.c.o
[2/2] Linking C executable cmTC_a467b
FAILED: cmTC_a467b 
: && /usr/bin/clang-8 -DCHECK_FUNCTION_EXISTS=pthread_create  CMakeFiles/cmTC_a467b.dir/CheckFunctionExists.c.o -o cmTC_a467b  -lpthreads && :
/usr/bin/ld: cannot find -lpthreads
clang: error: linker command failed with exit code 1 (use -v to see invocation)
ninja: build stopped: subcommand failed.



Checking whether the ASM compiler is GNU using "--version" did not match "(GNU assembler)|(GCC)|(Free Software Foundation)":
clang version 8.0.1- (branches/release_80)
Target: x86_64-pc-linux-gnu
Thread model: posix
InstalledDir: /usr/bin
Performing C SOURCE FILE Test CONST_QUALIFIED_MALLOC_USABLE_SIZE failed with the following output:
Change Dir: /home/ubuntu/CCF/build/CMakeFiles/CMakeTmp

Run Build Command(s):/usr/bin/ninja cmTC_aaccb && [1/2] Building C object CMakeFiles/cmTC_aaccb.dir/src.c.o
FAILED: CMakeFiles/cmTC_aaccb.dir/src.c.o 
/usr/bin/clang-8 -DCONST_QUALIFIED_MALLOC_USABLE_SIZE   -MD -MT CMakeFiles/cmTC_aaccb.dir/src.c.o -MF CMakeFiles/cmTC_aaccb.dir/src.c.o.d -o CMakeFiles/cmTC_aaccb.dir/src.c.o -c src.c
src.c:3:8: error: conflicting types for 'malloc_usable_size'
size_t malloc_usable_size(const void* ptr) { return 0; }
       ^
/usr/include/malloc.h:134:15: note: previous declaration is here
extern size_t malloc_usable_size (void *__ptr) __THROW;
              ^
1 error generated.
ninja: build stopped: subcommand failed.


Source file was:

#include <malloc.h>
size_t malloc_usable_size(const void* ptr) { return 0; }
int main() { return 0; }

